<?xml version="1.0" encoding="UTF-8"?>
<testng-results ignored="0" total="1" passed="1" failed="0" skipped="0">
  <reporter-output>
  </reporter-output>
  <suite started-at="2025-06-07T11:42:14 IST" name="Default suite" finished-at="2025-06-07T11:42:35 IST" duration-ms="20575">
    <groups>
    </groups>
    <test started-at="2025-06-07T11:42:14 IST" name="Default test" finished-at="2025-06-07T11:42:35 IST" duration-ms="20575">
      <class name="regression.AdactinHotelTC104">
        <test-method is-config="true" signature="beforeTest()[pri:0, instance:regression.AdactinHotelTC104@29215f06]" started-at="2025-06-07T11:42:14 IST" name="beforeTest" finished-at="2025-06-07T11:42:15 IST" duration-ms="682" status="PASS">
          <reporter-output>
          </reporter-output>
        </test-method> <!-- beforeTest -->
        <test-method is-config="true" signature="setUp(java.lang.reflect.Method)[pri:0, instance:regression.AdactinHotelTC104@29215f06]" started-at="2025-06-07T11:42:15 IST" name="setUp" finished-at="2025-06-07T11:42:25 IST" duration-ms="10600" status="PASS">
          <params>
            <param index="0">
              <value>
                <![CDATA[public void regression.AdactinHotelTC104.adactinHotelTestTC104()]]>
              </value>
            </param>
          </params>
          <reporter-output>
          </reporter-output>
        </test-method> <!-- setUp -->
        <test-method signature="adactinHotelTestTC104()[pri:0, instance:regression.AdactinHotelTC104@29215f06]" started-at="2025-06-07T11:42:25 IST" name="adactinHotelTestTC104" finished-at="2025-06-07T11:42:29 IST" duration-ms="3385" status="PASS">
          <reporter-output>
          </reporter-output>
        </test-method> <!-- adactinHotelTestTC104 -->
        <test-method is-config="true" signature="tearDown()[pri:0, instance:regression.AdactinHotelTC104@29215f06]" started-at="2025-06-07T11:42:29 IST" name="tearDown" finished-at="2025-06-07T11:42:33 IST" duration-ms="3735" status="PASS">
          <reporter-output>
          </reporter-output>
        </test-method> <!-- tearDown -->
        <test-method is-config="true" signature="reportsEnd()[pri:0, instance:regression.AdactinHotelTC104@29215f06]" started-at="2025-06-07T11:42:33 IST" name="reportsEnd" finished-at="2025-06-07T11:42:35 IST" duration-ms="2117" status="PASS">
          <reporter-output>
          </reporter-output>
        </test-method> <!-- reportsEnd -->
      </class> <!-- regression.AdactinHotelTC104 -->
    </test> <!-- Default test -->
  </suite> <!-- Default suite -->
</testng-results>
